c:\intel\github\quicklook\quicklook.native\quicklook.native32\debug\quicklook.native32.pch
c:\intel\github\quicklook\quicklook.native\quicklook.native32\debug\vc142.pdb
c:\intel\github\quicklook\quicklook.native\quicklook.native32\debug\vc142.idb
c:\intel\github\quicklook\quicklook.native\quicklook.native32\debug\stdafx.obj
c:\intel\github\quicklook\quicklook.native\quicklook.native32\debug\wow64hookhelper.obj
c:\intel\github\quicklook\quicklook.native\quicklook.native32\debug\shell32.obj
c:\intel\github\quicklook\quicklook.native\quicklook.native32\debug\dllexport.obj
c:\intel\github\quicklook\quicklook.native\quicklook.native32\debug\helpermethods.obj
c:\intel\github\quicklook\quicklook.native\quicklook.native32\debug\everything.obj
c:\intel\github\quicklook\quicklook.native\quicklook.native32\debug\dopus.obj
c:\intel\github\quicklook\quicklook.native\quicklook.native32\debug\dialoghook.obj
c:\intel\github\quicklook\quicklook.native\quicklook.native32\debug\dllmain.obj
c:\intel\github\quicklook\build\debug\quicklook.native32.ilk
c:\intel\github\quicklook\build\debug\quicklook.native32.dll
c:\intel\github\quicklook\build\debug\quicklook.native32.pdb
c:\intel\github\quicklook\build\debug\quicklook.native32.lib
c:\intel\github\quicklook\build\debug\quicklook.native32.exp
c:\intel\github\quicklook\quicklook.native\quicklook.native32\debug\quickloo.d31ee321.tlog\cl.command.1.tlog
c:\intel\github\quicklook\quicklook.native\quicklook.native32\debug\quickloo.d31ee321.tlog\cl.read.1.tlog
c:\intel\github\quicklook\quicklook.native\quicklook.native32\debug\quickloo.d31ee321.tlog\cl.write.1.tlog
c:\intel\github\quicklook\quicklook.native\quicklook.native32\debug\quickloo.d31ee321.tlog\link.command.1.tlog
c:\intel\github\quicklook\quicklook.native\quicklook.native32\debug\quickloo.d31ee321.tlog\link.read.1.tlog
c:\intel\github\quicklook\quicklook.native\quicklook.native32\debug\quickloo.d31ee321.tlog\link.write.1.tlog
c:\intel\github\quicklook\quicklook.native\quicklook.native32\debug\quickloo.d31ee321.tlog\quicklook.native32.write.1u.tlog
