c:\users\hamed\documents\visual studio 2019\project\quicklook-hamed\quicklook.native\quicklook.native64\x64\debug\quicklook.native64.pch
c:\users\hamed\documents\visual studio 2019\project\quicklook-hamed\quicklook.native\quicklook.native64\x64\debug\vc142.pdb
c:\users\hamed\documents\visual studio 2019\project\quicklook-hamed\quicklook.native\quicklook.native64\x64\debug\vc142.idb
c:\users\hamed\documents\visual studio 2019\project\quicklook-hamed\quicklook.native\quicklook.native64\x64\debug\stdafx.obj
c:\users\hamed\documents\visual studio 2019\project\quicklook-hamed\quicklook.native\quicklook.native64\x64\debug\wow64hookhelper.obj
c:\users\hamed\documents\visual studio 2019\project\quicklook-hamed\quicklook.native\quicklook.native64\x64\debug\shell32.obj
c:\users\hamed\documents\visual studio 2019\project\quicklook-hamed\quicklook.native\quicklook.native64\x64\debug\helpermethods.obj
c:\users\hamed\documents\visual studio 2019\project\quicklook-hamed\quicklook.native\quicklook.native64\x64\debug\everything.obj
c:\users\hamed\documents\visual studio 2019\project\quicklook-hamed\quicklook.native\quicklook.native64\x64\debug\dopus.obj
c:\users\hamed\documents\visual studio 2019\project\quicklook-hamed\quicklook.native\quicklook.native64\x64\debug\dllexport.obj
c:\users\hamed\documents\visual studio 2019\project\quicklook-hamed\quicklook.native\quicklook.native64\x64\debug\dialoghook.obj
c:\users\hamed\documents\visual studio 2019\project\quicklook-hamed\quicklook.native\quicklook.native64\x64\debug\dllmain.obj
c:\users\hamed\documents\visual studio 2019\project\quicklook-hamed\build\debug\quicklook.native64.ilk
c:\users\hamed\documents\visual studio 2019\project\quicklook-hamed\build\debug\quicklook.native64.dll
c:\users\hamed\documents\visual studio 2019\project\quicklook-hamed\build\debug\quicklook.native64.pdb
c:\users\hamed\documents\visual studio 2019\project\quicklook-hamed\build\debug\quicklook.native64.lib
c:\users\hamed\documents\visual studio 2019\project\quicklook-hamed\build\debug\quicklook.native64.exp
c:\users\hamed\documents\visual studio 2019\project\quicklook-hamed\quicklook.native\quicklook.native64\x64\debug\quickloo.794e4dcf.tlog\cl.command.1.tlog
c:\users\hamed\documents\visual studio 2019\project\quicklook-hamed\quicklook.native\quicklook.native64\x64\debug\quickloo.794e4dcf.tlog\cl.read.1.tlog
c:\users\hamed\documents\visual studio 2019\project\quicklook-hamed\quicklook.native\quicklook.native64\x64\debug\quickloo.794e4dcf.tlog\cl.write.1.tlog
c:\users\hamed\documents\visual studio 2019\project\quicklook-hamed\quicklook.native\quicklook.native64\x64\debug\quickloo.794e4dcf.tlog\link.command.1.tlog
c:\users\hamed\documents\visual studio 2019\project\quicklook-hamed\quicklook.native\quicklook.native64\x64\debug\quickloo.794e4dcf.tlog\link.read.1.tlog
c:\users\hamed\documents\visual studio 2019\project\quicklook-hamed\quicklook.native\quicklook.native64\x64\debug\quickloo.794e4dcf.tlog\link.write.1.tlog
c:\users\hamed\documents\visual studio 2019\project\quicklook-hamed\quicklook.native\quicklook.native64\x64\debug\quickloo.794e4dcf.tlog\quicklook.native64.write.1u.tlog
